{"/data/data/com.termux/files/home/Algobots/whalebot/gbot/scalptrader-pro/src/config.js": {"path":"/data/data/com.termux/files/home/Algobots/whalebot/gbot/scalptrader-pro/src/config.js","statementMap":{"0":{"start":{"line":1,"column":11},"end":{"line":1,"column":24}},"1":{"start":{"line":2,"column":14},"end":{"line":2,"column":30}},"2":{"start":{"line":3,"column":0},"end":{"line":3,"column":27}},"3":{"start":{"line":6,"column":25},"end":{"line":6,"column":38}},"4":{"start":{"line":7,"column":22},"end":{"line":28,"column":5}},"5":{"start":{"line":31,"column":21},"end":{"line":31,"column":41}},"6":{"start":{"line":32,"column":8},"end":{"line":39,"column":9}},"7":{"start":{"line":33,"column":12},"end":{"line":36,"column":83}},"8":{"start":{"line":34,"column":35},"end":{"line":34,"column":89}},"9":{"start":{"line":35,"column":16},"end":{"line":35,"column":60}},"10":{"start":{"line":36,"column":26},"end":{"line":36,"column":81}},"11":{"start":{"line":38,"column":12},"end":{"line":38,"column":87}},"12":{"start":{"line":40,"column":8},"end":{"line":40,"column":22}},"13":{"start":{"line":44,"column":23},"end":{"line":44,"column":36}},"14":{"start":{"line":45,"column":8},"end":{"line":49,"column":9}},"15":{"start":{"line":46,"column":12},"end":{"line":48,"column":49}},"16":{"start":{"line":47,"column":16},"end":{"line":47,"column":77}},"17":{"start":{"line":48,"column":21},"end":{"line":48,"column":47}},"18":{"start":{"line":50,"column":8},"end":{"line":50,"column":22}},"19":{"start":{"line":54,"column":15},"end":{"line":54,"column":35}},"20":{"start":{"line":55,"column":0},"end":{"line":55,"column":51}},"21":{"start":{"line":56,"column":0},"end":{"line":56,"column":47}},"22":{"start":{"line":58,"column":0},"end":{"line":58,"column":24}}},"fnMap":{"0":{"name":"(anonymous_0)","decl":{"start":{"line":30,"column":4},"end":{"line":30,"column":5}},"loc":{"start":{"line":30,"column":18},"end":{"line":41,"column":5}},"line":30},"1":{"name":"(anonymous_1)","decl":{"start":{"line":43,"column":4},"end":{"line":43,"column":5}},"loc":{"start":{"line":43,"column":37},"end":{"line":51,"column":5}},"line":43}},"branchMap":{"0":{"loc":{"start":{"line":32,"column":8},"end":{"line":39,"column":9}},"type":"if","locations":[{"start":{"line":32,"column":8},"end":{"line":39,"column":9}},{"start":{"line":37,"column":15},"end":{"line":39,"column":9}}],"line":32},"1":{"loc":{"start":{"line":46,"column":12},"end":{"line":48,"column":49}},"type":"if","locations":[{"start":{"line":46,"column":12},"end":{"line":48,"column":49}},{"start":{"line":48,"column":19},"end":{"line":48,"column":49}}],"line":46},"2":{"loc":{"start":{"line":46,"column":16},"end":{"line":46,"column":93}},"type":"binary-expr","locations":[{"start":{"line":46,"column":16},"end":{"line":46,"column":27}},{"start":{"line":46,"column":31},"end":{"line":46,"column":62}},{"start":{"line":46,"column":66},"end":{"line":46,"column":93}}],"line":46},"3":{"loc":{"start":{"line":47,"column":45},"end":{"line":47,"column":62}},"type":"binary-expr","locations":[{"start":{"line":47,"column":45},"end":{"line":47,"column":56}},{"start":{"line":47,"column":60},"end":{"line":47,"column":62}}],"line":47}},"s":{"0":1,"1":1,"2":1,"3":1,"4":1,"5":1,"6":1,"7":1,"8":1,"9":1,"10":0,"11":0,"12":1,"13":1,"14":1,"15":0,"16":0,"17":0,"18":1,"19":1,"20":1,"21":1,"22":1},"f":{"0":1,"1":1},"b":{"0":[1,0],"1":[0,0],"2":[0,0,0],"3":[0,0]},"_coverageSchema":"1a1c01bbd47fc00a2c39e90264f33305004495a9","hash":"b8fbd07d2d0f9cd33c7d6aa0be33be5414db9e52"}
,"/data/data/com.termux/files/home/Algobots/whalebot/gbot/scalptrader-pro/src/indicators/index.js": {"path":"/data/data/com.termux/files/home/Algobots/whalebot/gbot/scalptrader-pro/src/indicators/index.js","statementMap":{"0":{"start":{"line":1,"column":12},"end":{"line":12,"column":1}},"1":{"start":{"line":2,"column":4},"end":{"line":2,"column":74}},"2":{"start":{"line":2,"column":37},"end":{"line":2,"column":74}},"3":{"start":{"line":3,"column":17},"end":{"line":3,"column":19}},"4":{"start":{"line":4,"column":14},"end":{"line":4,"column":15}},"5":{"start":{"line":5,"column":4},"end":{"line":5,"column":51}},"6":{"start":{"line":5,"column":17},"end":{"line":5,"column":18}},"7":{"start":{"line":5,"column":37},"end":{"line":5,"column":51}},"8":{"start":{"line":6,"column":4},"end":{"line":6,"column":30}},"9":{"start":{"line":7,"column":4},"end":{"line":10,"column":5}},"10":{"start":{"line":7,"column":17},"end":{"line":7,"column":23}},"11":{"start":{"line":8,"column":8},"end":{"line":8,"column":40}},"12":{"start":{"line":9,"column":8},"end":{"line":9,"column":34}},"13":{"start":{"line":11,"column":4},"end":{"line":11,"column":56}},"14":{"start":{"line":14,"column":12},"end":{"line":21,"column":1}},"15":{"start":{"line":15,"column":4},"end":{"line":15,"column":44}},"16":{"start":{"line":15,"column":34},"end":{"line":15,"column":44}},"17":{"start":{"line":16,"column":17},"end":{"line":16,"column":46}},"18":{"start":{"line":17,"column":14},"end":{"line":17,"column":30}},"19":{"start":{"line":18,"column":4},"end":{"line":18,"column":23}},"20":{"start":{"line":19,"column":4},"end":{"line":19,"column":94}},"21":{"start":{"line":19,"column":17},"end":{"line":19,"column":18}},"22":{"start":{"line":19,"column":41},"end":{"line":19,"column":94}},"23":{"start":{"line":20,"column":4},"end":{"line":20,"column":18}},"24":{"start":{"line":23,"column":16},"end":{"line":32,"column":1}},"25":{"start":{"line":24,"column":4},"end":{"line":24,"column":77}},"26":{"start":{"line":24,"column":39},"end":{"line":24,"column":77}},"27":{"start":{"line":25,"column":17},"end":{"line":25,"column":47}},"28":{"start":{"line":26,"column":14},"end":{"line":26,"column":15}},"29":{"start":{"line":27,"column":4},"end":{"line":27,"column":52}},"30":{"start":{"line":27,"column":17},"end":{"line":27,"column":18}},"31":{"start":{"line":27,"column":37},"end":{"line":27,"column":52}},"32":{"start":{"line":28,"column":4},"end":{"line":28,"column":38}},"33":{"start":{"line":29,"column":18},"end":{"line":29,"column":28}},"34":{"start":{"line":30,"column":4},"end":{"line":30,"column":109}},"35":{"start":{"line":30,"column":17},"end":{"line":30,"column":23}},"36":{"start":{"line":30,"column":47},"end":{"line":30,"column":109}},"37":{"start":{"line":31,"column":4},"end":{"line":31,"column":18}},"38":{"start":{"line":34,"column":12},"end":{"line":38,"column":1}},"39":{"start":{"line":35,"column":13},"end":{"line":35,"column":16}},"40":{"start":{"line":36,"column":4},"end":{"line":36,"column":153}},"41":{"start":{"line":36,"column":17},"end":{"line":36,"column":18}},"42":{"start":{"line":36,"column":44},"end":{"line":36,"column":153}},"43":{"start":{"line":37,"column":4},"end":{"line":37,"column":31}},"44":{"start":{"line":40,"column":12},"end":{"line":49,"column":1}},"45":{"start":{"line":41,"column":16},"end":{"line":41,"column":19}},"46":{"start":{"line":41,"column":30},"end":{"line":41,"column":33}},"47":{"start":{"line":42,"column":4},"end":{"line":45,"column":5}},"48":{"start":{"line":42,"column":17},"end":{"line":42,"column":18}},"49":{"start":{"line":43,"column":21},"end":{"line":43,"column":46}},"50":{"start":{"line":44,"column":8},"end":{"line":44,"column":40}},"51":{"start":{"line":44,"column":41},"end":{"line":44,"column":84}},"52":{"start":{"line":46,"column":20},"end":{"line":46,"column":42}},"53":{"start":{"line":47,"column":20},"end":{"line":47,"column":43}},"54":{"start":{"line":48,"column":4},"end":{"line":48,"column":102}},"55":{"start":{"line":48,"column":32},"end":{"line":48,"column":100}},"56":{"start":{"line":51,"column":14},"end":{"line":59,"column":1}},"57":{"start":{"line":52,"column":14},"end":{"line":52,"column":46}},"58":{"start":{"line":53,"column":4},"end":{"line":57,"column":5}},"59":{"start":{"line":53,"column":17},"end":{"line":53,"column":27}},"60":{"start":{"line":54,"column":23},"end":{"line":54,"column":57}},"61":{"start":{"line":54,"column":74},"end":{"line":54,"column":107}},"62":{"start":{"line":55,"column":21},"end":{"line":55,"column":40}},"63":{"start":{"line":55,"column":55},"end":{"line":55,"column":74}},"64":{"start":{"line":56,"column":8},"end":{"line":56,"column":86}},"65":{"start":{"line":58,"column":14},"end":{"line":58,"column":26}},"66":{"start":{"line":58,"column":38},"end":{"line":58,"column":48}},"67":{"start":{"line":58,"column":50},"end":{"line":58,"column":66}},"68":{"start":{"line":61,"column":13},"end":{"line":65,"column":1}},"69":{"start":{"line":62,"column":20},"end":{"line":62,"column":37}},"70":{"start":{"line":62,"column":55},"end":{"line":62,"column":72}},"71":{"start":{"line":63,"column":17},"end":{"line":63,"column":54}},"72":{"start":{"line":63,"column":39},"end":{"line":63,"column":53}},"73":{"start":{"line":63,"column":71},"end":{"line":63,"column":85}},"74":{"start":{"line":64,"column":4},"end":{"line":64,"column":69}},"75":{"start":{"line":64,"column":52},"end":{"line":64,"column":65}},"76":{"start":{"line":67,"column":12},"end":{"line":82,"column":1}},"77":{"start":{"line":68,"column":17},"end":{"line":68,"column":20}},"78":{"start":{"line":68,"column":32},"end":{"line":68,"column":35}},"79":{"start":{"line":69,"column":4},"end":{"line":72,"column":5}},"80":{"start":{"line":69,"column":17},"end":{"line":69,"column":18}},"81":{"start":{"line":70,"column":19},"end":{"line":70,"column":42}},"82":{"start":{"line":70,"column":57},"end":{"line":70,"column":78}},"83":{"start":{"line":71,"column":8},"end":{"line":71,"column":50}},"84":{"start":{"line":71,"column":51},"end":{"line":71,"column":98}},"85":{"start":{"line":73,"column":16},"end":{"line":73,"column":60}},"86":{"start":{"line":74,"column":18},"end":{"line":74,"column":41}},"87":{"start":{"line":74,"column":58},"end":{"line":74,"column":82}},"88":{"start":{"line":75,"column":13},"end":{"line":75,"column":15}},"89":{"start":{"line":76,"column":4},"end":{"line":80,"column":5}},"90":{"start":{"line":76,"column":17},"end":{"line":76,"column":18}},"91":{"start":{"line":77,"column":20},"end":{"line":77,"column":64}},"92":{"start":{"line":77,"column":78},"end":{"line":77,"column":123}},"93":{"start":{"line":78,"column":20},"end":{"line":78,"column":29}},"94":{"start":{"line":79,"column":8},"end":{"line":79,"column":67}},"95":{"start":{"line":81,"column":4},"end":{"line":81,"column":31}},"96":{"start":{"line":84,"column":12},"end":{"line":101,"column":1}},"97":{"start":{"line":85,"column":18},"end":{"line":85,"column":20}},"98":{"start":{"line":85,"column":32},"end":{"line":85,"column":34}},"99":{"start":{"line":86,"column":4},"end":{"line":93,"column":5}},"100":{"start":{"line":86,"column":17},"end":{"line":86,"column":18}},"101":{"start":{"line":87,"column":8},"end":{"line":87,"column":68}},"102":{"start":{"line":87,"column":23},"end":{"line":87,"column":39}},"103":{"start":{"line":87,"column":40},"end":{"line":87,"column":56}},"104":{"start":{"line":87,"column":57},"end":{"line":87,"column":66}},"105":{"start":{"line":88,"column":19},"end":{"line":88,"column":43}},"106":{"start":{"line":88,"column":60},"end":{"line":88,"column":90}},"107":{"start":{"line":89,"column":20},"end":{"line":89,"column":29}},"108":{"start":{"line":90,"column":8},"end":{"line":92,"column":50}},"109":{"start":{"line":90,"column":27},"end":{"line":90,"column":45}},"110":{"start":{"line":90,"column":46},"end":{"line":90,"column":62}},"111":{"start":{"line":91,"column":13},"end":{"line":92,"column":50}},"112":{"start":{"line":91,"column":32},"end":{"line":91,"column":48}},"113":{"start":{"line":91,"column":49},"end":{"line":91,"column":67}},"114":{"start":{"line":92,"column":15},"end":{"line":92,"column":31}},"115":{"start":{"line":92,"column":32},"end":{"line":92,"column":48}},"116":{"start":{"line":94,"column":17},"end":{"line":94,"column":44}},"117":{"start":{"line":95,"column":4},"end":{"line":99,"column":5}},"118":{"start":{"line":95,"column":17},"end":{"line":95,"column":22}},"119":{"start":{"line":96,"column":19},"end":{"line":96,"column":20}},"120":{"start":{"line":96,"column":29},"end":{"line":96,"column":30}},"121":{"start":{"line":97,"column":8},"end":{"line":97,"column":83}},"122":{"start":{"line":97,"column":21},"end":{"line":97,"column":22}},"123":{"start":{"line":97,"column":38},"end":{"line":97,"column":59}},"124":{"start":{"line":97,"column":60},"end":{"line":97,"column":81}},"125":{"start":{"line":98,"column":8},"end":{"line":98,"column":92}},"126":{"start":{"line":98,"column":24},"end":{"line":98,"column":40}},"127":{"start":{"line":98,"column":46},"end":{"line":98,"column":92}},"128":{"start":{"line":100,"column":4},"end":{"line":100,"column":18}},"129":{"start":{"line":103,"column":13},"end":{"line":118,"column":1}},"130":{"start":{"line":104,"column":17},"end":{"line":104,"column":44}},"131":{"start":{"line":105,"column":13},"end":{"line":105,"column":26}},"132":{"start":{"line":106,"column":4},"end":{"line":106,"column":115}},"133":{"start":{"line":106,"column":14},"end":{"line":106,"column":15}},"134":{"start":{"line":106,"column":34},"end":{"line":106,"column":115}},"135":{"start":{"line":107,"column":4},"end":{"line":116,"column":5}},"136":{"start":{"line":107,"column":17},"end":{"line":107,"column":22}},"137":{"start":{"line":108,"column":20},"end":{"line":108,"column":21}},"138":{"start":{"line":108,"column":31},"end":{"line":108,"column":40}},"139":{"start":{"line":108,"column":50},"end":{"line":108,"column":58}},"140":{"start":{"line":109,"column":8},"end":{"line":113,"column":9}},"141":{"start":{"line":109,"column":21},"end":{"line":109,"column":22}},"142":{"start":{"line":110,"column":12},"end":{"line":110,"column":31}},"143":{"start":{"line":111,"column":12},"end":{"line":111,"column":51}},"144":{"start":{"line":111,"column":34},"end":{"line":111,"column":51}},"145":{"start":{"line":112,"column":12},"end":{"line":112,"column":51}},"146":{"start":{"line":112,"column":34},"end":{"line":112,"column":51}},"147":{"start":{"line":114,"column":22},"end":{"line":114,"column":35}},"148":{"start":{"line":115,"column":8},"end":{"line":115,"column":105}},"149":{"start":{"line":117,"column":4},"end":{"line":117,"column":18}},"150":{"start":{"line":120,"column":12},"end":{"line":129,"column":1}},"151":{"start":{"line":121,"column":15},"end":{"line":121,"column":65}},"152":{"start":{"line":121,"column":35},"end":{"line":121,"column":64}},"153":{"start":{"line":121,"column":81},"end":{"line":121,"column":96}},"154":{"start":{"line":122,"column":14},"end":{"line":122,"column":46}},"155":{"start":{"line":123,"column":4},"end":{"line":127,"column":5}},"156":{"start":{"line":123,"column":17},"end":{"line":123,"column":27}},"157":{"start":{"line":124,"column":22},"end":{"line":124,"column":23}},"158":{"start":{"line":124,"column":25},"end":{"line":124,"column":100}},"159":{"start":{"line":124,"column":38},"end":{"line":124,"column":39}},"160":{"start":{"line":124,"column":58},"end":{"line":124,"column":100}},"161":{"start":{"line":125,"column":8},"end":{"line":125,"column":26}},"162":{"start":{"line":126,"column":8},"end":{"line":126,"column":78}},"163":{"start":{"line":128,"column":4},"end":{"line":128,"column":15}},"164":{"start":{"line":131,"column":15},"end":{"line":155,"column":1}},"165":{"start":{"line":132,"column":17},"end":{"line":132,"column":49}},"166":{"start":{"line":132,"column":57},"end":{"line":132,"column":89}},"167":{"start":{"line":133,"column":15},"end":{"line":133,"column":16}},"168":{"start":{"line":133,"column":26},"end":{"line":133,"column":27}},"169":{"start":{"line":134,"column":4},"end":{"line":134,"column":67}},"170":{"start":{"line":134,"column":17},"end":{"line":134,"column":18}},"171":{"start":{"line":134,"column":39},"end":{"line":134,"column":49}},"172":{"start":{"line":134,"column":50},"end":{"line":134,"column":65}},"173":{"start":{"line":135,"column":4},"end":{"line":153,"column":5}},"174":{"start":{"line":135,"column":17},"end":{"line":135,"column":27}},"175":{"start":{"line":136,"column":19},"end":{"line":136,"column":20}},"176":{"start":{"line":136,"column":30},"end":{"line":136,"column":31}},"177":{"start":{"line":137,"column":23},"end":{"line":137,"column":25}},"178":{"start":{"line":138,"column":8},"end":{"line":140,"column":9}},"179":{"start":{"line":138,"column":21},"end":{"line":138,"column":22}},"180":{"start":{"line":139,"column":24},"end":{"line":139,"column":52}},"181":{"start":{"line":139,"column":54},"end":{"line":139,"column":71}},"182":{"start":{"line":139,"column":72},"end":{"line":139,"column":84}},"183":{"start":{"line":139,"column":85},"end":{"line":139,"column":102}},"184":{"start":{"line":141,"column":18},"end":{"line":141,"column":24}},"185":{"start":{"line":142,"column":20},"end":{"line":142,"column":47}},"186":{"start":{"line":143,"column":20},"end":{"line":143,"column":47}},"187":{"start":{"line":144,"column":22},"end":{"line":144,"column":47}},"188":{"start":{"line":145,"column":26},"end":{"line":145,"column":51}},"189":{"start":{"line":146,"column":20},"end":{"line":146,"column":21}},"190":{"start":{"line":146,"column":31},"end":{"line":146,"column":32}},"191":{"start":{"line":147,"column":22},"end":{"line":147,"column":30}},"192":{"start":{"line":148,"column":8},"end":{"line":151,"column":9}},"193":{"start":{"line":148,"column":18},"end":{"line":148,"column":19}},"194":{"start":{"line":149,"column":22},"end":{"line":149,"column":31}},"195":{"start":{"line":149,"column":47},"end":{"line":149,"column":68}},"196":{"start":{"line":150,"column":12},"end":{"line":150,"column":44}},"197":{"start":{"line":150,"column":45},"end":{"line":150,"column":77}},"198":{"start":{"line":152,"column":8},"end":{"line":152,"column":26}},"199":{"start":{"line":152,"column":27},"end":{"line":152,"column":74}},"200":{"start":{"line":154,"column":4},"end":{"line":154,"column":38}},"201":{"start":{"line":157,"column":18},"end":{"line":168,"column":1}},"202":{"start":{"line":158,"column":19},"end":{"line":158,"column":38}},"203":{"start":{"line":159,"column":16},"end":{"line":159,"column":18}},"204":{"start":{"line":159,"column":28},"end":{"line":159,"column":30}},"205":{"start":{"line":159,"column":41},"end":{"line":159,"column":47}},"206":{"start":{"line":160,"column":4},"end":{"line":166,"column":5}},"207":{"start":{"line":160,"column":17},"end":{"line":160,"column":18}},"208":{"start":{"line":161,"column":8},"end":{"line":161,"column":71}},"209":{"start":{"line":161,"column":30},"end":{"line":161,"column":44}},"210":{"start":{"line":161,"column":45},"end":{"line":161,"column":59}},"211":{"start":{"line":161,"column":60},"end":{"line":161,"column":69}},"212":{"start":{"line":162,"column":20},"end":{"line":162,"column":21}},"213":{"start":{"line":163,"column":8},"end":{"line":163,"column":89}},"214":{"start":{"line":163,"column":21},"end":{"line":163,"column":22}},"215":{"start":{"line":163,"column":41},"end":{"line":163,"column":89}},"216":{"start":{"line":164,"column":20},"end":{"line":164,"column":45}},"217":{"start":{"line":165,"column":8},"end":{"line":165,"column":47}},"218":{"start":{"line":165,"column":48},"end":{"line":165,"column":87}},"219":{"start":{"line":167,"column":4},"end":{"line":167,"column":36}},"220":{"start":{"line":170,"column":16},"end":{"line":173,"column":1}},"221":{"start":{"line":171,"column":19},"end":{"line":171,"column":38}},"222":{"start":{"line":171,"column":55},"end":{"line":171,"column":87}},"223":{"start":{"line":172,"column":4},"end":{"line":172,"column":132}},"224":{"start":{"line":172,"column":41},"end":{"line":172,"column":61}},"225":{"start":{"line":172,"column":92},"end":{"line":172,"column":112}},"226":{"start":{"line":175,"column":19},"end":{"line":189,"column":1}},"227":{"start":{"line":176,"column":19},"end":{"line":176,"column":51}},"228":{"start":{"line":177,"column":13},"end":{"line":177,"column":45}},"229":{"start":{"line":177,"column":59},"end":{"line":177,"column":91}},"230":{"start":{"line":178,"column":4},"end":{"line":187,"column":5}},"231":{"start":{"line":178,"column":17},"end":{"line":178,"column":23}},"232":{"start":{"line":179,"column":17},"end":{"line":179,"column":62}},"233":{"start":{"line":180,"column":17},"end":{"line":180,"column":62}},"234":{"start":{"line":181,"column":8},"end":{"line":184,"column":9}},"235":{"start":{"line":182,"column":27},"end":{"line":182,"column":34}},"236":{"start":{"line":183,"column":12},"end":{"line":183,"column":118}},"237":{"start":{"line":183,"column":36},"end":{"line":183,"column":44}},"238":{"start":{"line":183,"column":45},"end":{"line":183,"column":71}},"239":{"start":{"line":183,"column":81},"end":{"line":183,"column":107}},"240":{"start":{"line":183,"column":108},"end":{"line":183,"column":116}},"241":{"start":{"line":185,"column":8},"end":{"line":185,"column":109}},"242":{"start":{"line":185,"column":28},"end":{"line":185,"column":41}},"243":{"start":{"line":185,"column":47},"end":{"line":185,"column":109}},"244":{"start":{"line":185,"column":67},"end":{"line":185,"column":81}},"245":{"start":{"line":185,"column":87},"end":{"line":185,"column":109}},"246":{"start":{"line":186,"column":8},"end":{"line":186,"column":41}},"247":{"start":{"line":188,"column":4},"end":{"line":188,"column":32}},"248":{"start":{"line":191,"column":23},"end":{"line":202,"column":1}},"249":{"start":{"line":192,"column":19},"end":{"line":192,"column":51}},"250":{"start":{"line":193,"column":19},"end":{"line":193,"column":51}},"251":{"start":{"line":193,"column":69},"end":{"line":193,"column":101}},"252":{"start":{"line":194,"column":16},"end":{"line":194,"column":48}},"253":{"start":{"line":195,"column":4},"end":{"line":200,"column":5}},"254":{"start":{"line":195,"column":17},"end":{"line":195,"column":23}},"255":{"start":{"line":196,"column":24},"end":{"line":196,"column":71}},"256":{"start":{"line":197,"column":23},"end":{"line":197,"column":69}},"257":{"start":{"line":198,"column":8},"end":{"line":198,"column":49}},"258":{"start":{"line":198,"column":50},"end":{"line":198,"column":91}},"259":{"start":{"line":199,"column":8},"end":{"line":199,"column":128}},"260":{"start":{"line":199,"column":38},"end":{"line":199,"column":51}},"261":{"start":{"line":199,"column":57},"end":{"line":199,"column":128}},"262":{"start":{"line":199,"column":86},"end":{"line":199,"column":100}},"263":{"start":{"line":199,"column":106},"end":{"line":199,"column":128}},"264":{"start":{"line":201,"column":4},"end":{"line":201,"column":87}},"265":{"start":{"line":201,"column":47},"end":{"line":201,"column":83}},"266":{"start":{"line":204,"column":13},"end":{"line":214,"column":1}},"267":{"start":{"line":205,"column":15},"end":{"line":205,"column":42}},"268":{"start":{"line":206,"column":4},"end":{"line":212,"column":5}},"269":{"start":{"line":206,"column":17},"end":{"line":206,"column":22}},"270":{"start":{"line":207,"column":20},"end":{"line":207,"column":21}},"271":{"start":{"line":207,"column":30},"end":{"line":207,"column":31}},"272":{"start":{"line":208,"column":8},"end":{"line":210,"column":9}},"273":{"start":{"line":208,"column":21},"end":{"line":208,"column":22}},"274":{"start":{"line":209,"column":23},"end":{"line":209,"column":53}},"275":{"start":{"line":209,"column":55},"end":{"line":209,"column":76}},"276":{"start":{"line":209,"column":77},"end":{"line":209,"column":92}},"277":{"start":{"line":211,"column":8},"end":{"line":211,"column":48}},"278":{"start":{"line":213,"column":4},"end":{"line":213,"column":16}},"279":{"start":{"line":216,"column":16},"end":{"line":223,"column":1}},"280":{"start":{"line":217,"column":16},"end":{"line":217,"column":30}},"281":{"start":{"line":218,"column":4},"end":{"line":218,"column":29}},"282":{"start":{"line":218,"column":17},"end":{"line":218,"column":29}},"283":{"start":{"line":219,"column":15},"end":{"line":219,"column":31}},"284":{"start":{"line":219,"column":44},"end":{"line":219,"column":60}},"285":{"start":{"line":219,"column":73},"end":{"line":219,"column":89}},"286":{"start":{"line":220,"column":4},"end":{"line":221,"column":119}},"287":{"start":{"line":220,"column":36},"end":{"line":220,"column":114}},"288":{"start":{"line":221,"column":9},"end":{"line":221,"column":119}},"289":{"start":{"line":221,"column":41},"end":{"line":221,"column":119}},"290":{"start":{"line":222,"column":4},"end":{"line":222,"column":16}},"291":{"start":{"line":225,"column":25},"end":{"line":235,"column":1}},"292":{"start":{"line":226,"column":16},"end":{"line":226,"column":29}},"293":{"start":{"line":227,"column":4},"end":{"line":227,"column":40}},"294":{"start":{"line":227,"column":26},"end":{"line":227,"column":40}},"295":{"start":{"line":228,"column":22},"end":{"line":228,"column":66}},"296":{"start":{"line":228,"column":84},"end":{"line":228,"column":125}},"297":{"start":{"line":229,"column":26},"end":{"line":229,"column":83}},"298":{"start":{"line":229,"column":105},"end":{"line":229,"column":159}},"299":{"start":{"line":230,"column":4},"end":{"line":230,"column":85}},"300":{"start":{"line":230,"column":60},"end":{"line":230,"column":85}},"301":{"start":{"line":231,"column":21},"end":{"line":231,"column":65}},"302":{"start":{"line":231,"column":82},"end":{"line":231,"column":123}},"303":{"start":{"line":232,"column":25},"end":{"line":232,"column":82}},"304":{"start":{"line":232,"column":103},"end":{"line":232,"column":157}},"305":{"start":{"line":233,"column":4},"end":{"line":233,"column":81}},"306":{"start":{"line":233,"column":56},"end":{"line":233,"column":81}},"307":{"start":{"line":234,"column":4},"end":{"line":234,"column":18}},"308":{"start":{"line":237,"column":29},"end":{"line":248,"column":1}},"309":{"start":{"line":238,"column":20},"end":{"line":238,"column":22}},"310":{"start":{"line":239,"column":4},"end":{"line":239,"column":94}},"311":{"start":{"line":239,"column":17},"end":{"line":239,"column":18}},"312":{"start":{"line":239,"column":44},"end":{"line":239,"column":94}},"313":{"start":{"line":240,"column":23},"end":{"line":240,"column":55}},"314":{"start":{"line":241,"column":4},"end":{"line":246,"column":5}},"315":{"start":{"line":241,"column":17},"end":{"line":241,"column":23}},"316":{"start":{"line":242,"column":22},"end":{"line":242,"column":58}},"317":{"start":{"line":243,"column":21},"end":{"line":243,"column":62}},"318":{"start":{"line":243,"column":44},"end":{"line":243,"column":49}},"319":{"start":{"line":244,"column":25},"end":{"line":244,"column":86}},"320":{"start":{"line":244,"column":48},"end":{"line":244,"column":73}},"321":{"start":{"line":245,"column":8},"end":{"line":245,"column":61}},"322":{"start":{"line":247,"column":4},"end":{"line":247,"column":22}},"323":{"start":{"line":250,"column":21},"end":{"line":257,"column":1}},"324":{"start":{"line":251,"column":19},"end":{"line":251,"column":42}},"325":{"start":{"line":252,"column":23},"end":{"line":252,"column":61}},"326":{"start":{"line":253,"column":24},"end":{"line":253,"column":54}},"327":{"start":{"line":254,"column":4},"end":{"line":254,"column":65}},"328":{"start":{"line":254,"column":40},"end":{"line":254,"column":65}},"329":{"start":{"line":255,"column":4},"end":{"line":255,"column":64}},"330":{"start":{"line":255,"column":40},"end":{"line":255,"column":64}},"331":{"start":{"line":256,"column":4},"end":{"line":256,"column":20}},"332":{"start":{"line":259,"column":18},"end":{"line":262,"column":1}},"333":{"start":{"line":260,"column":14},"end":{"line":260,"column":29}},"334":{"start":{"line":260,"column":41},"end":{"line":260,"column":46}},"335":{"start":{"line":261,"column":4},"end":{"line":261,"column":93}},"336":{"start":{"line":265,"column":0},"end":{"line":269,"column":2}}},"fnMap":{"0":{"name":"(anonymous_0)","decl":{"start":{"line":1,"column":12},"end":{"line":1,"column":13}},"loc":{"start":{"line":1,"column":29},"end":{"line":12,"column":1}},"line":1},"1":{"name":"(anonymous_1)","decl":{"start":{"line":14,"column":12},"end":{"line":14,"column":13}},"loc":{"start":{"line":14,"column":29},"end":{"line":21,"column":1}},"line":14},"2":{"name":"(anonymous_2)","decl":{"start":{"line":23,"column":16},"end":{"line":23,"column":17}},"loc":{"start":{"line":23,"column":34},"end":{"line":32,"column":1}},"line":23},"3":{"name":"(anonymous_3)","decl":{"start":{"line":34,"column":12},"end":{"line":34,"column":13}},"loc":{"start":{"line":34,"column":45},"end":{"line":38,"column":1}},"line":34},"4":{"name":"(anonymous_4)","decl":{"start":{"line":40,"column":12},"end":{"line":40,"column":13}},"loc":{"start":{"line":40,"column":32},"end":{"line":49,"column":1}},"line":40},"5":{"name":"(anonymous_5)","decl":{"start":{"line":48,"column":22},"end":{"line":48,"column":23}},"loc":{"start":{"line":48,"column":32},"end":{"line":48,"column":100}},"line":48},"6":{"name":"(anonymous_6)","decl":{"start":{"line":51,"column":14},"end":{"line":51,"column":15}},"loc":{"start":{"line":51,"column":55},"end":{"line":59,"column":1}},"line":51},"7":{"name":"(anonymous_7)","decl":{"start":{"line":61,"column":13},"end":{"line":61,"column":14}},"loc":{"start":{"line":61,"column":42},"end":{"line":65,"column":1}},"line":61},"8":{"name":"(anonymous_8)","decl":{"start":{"line":63,"column":29},"end":{"line":63,"column":30}},"loc":{"start":{"line":63,"column":39},"end":{"line":63,"column":53}},"line":63},"9":{"name":"(anonymous_9)","decl":{"start":{"line":64,"column":42},"end":{"line":64,"column":43}},"loc":{"start":{"line":64,"column":52},"end":{"line":64,"column":65}},"line":64},"10":{"name":"(anonymous_10)","decl":{"start":{"line":67,"column":12},"end":{"line":67,"column":13}},"loc":{"start":{"line":67,"column":45},"end":{"line":82,"column":1}},"line":67},"11":{"name":"(anonymous_11)","decl":{"start":{"line":84,"column":12},"end":{"line":84,"column":13}},"loc":{"start":{"line":84,"column":27},"end":{"line":101,"column":1}},"line":84},"12":{"name":"(anonymous_12)","decl":{"start":{"line":103,"column":13},"end":{"line":103,"column":14}},"loc":{"start":{"line":103,"column":29},"end":{"line":118,"column":1}},"line":103},"13":{"name":"(anonymous_13)","decl":{"start":{"line":120,"column":12},"end":{"line":120,"column":13}},"loc":{"start":{"line":120,"column":45},"end":{"line":129,"column":1}},"line":120},"14":{"name":"(anonymous_14)","decl":{"start":{"line":121,"column":25},"end":{"line":121,"column":26}},"loc":{"start":{"line":121,"column":35},"end":{"line":121,"column":64}},"line":121},"15":{"name":"(anonymous_15)","decl":{"start":{"line":131,"column":15},"end":{"line":131,"column":16}},"loc":{"start":{"line":131,"column":35},"end":{"line":155,"column":1}},"line":131},"16":{"name":"(anonymous_16)","decl":{"start":{"line":157,"column":18},"end":{"line":157,"column":19}},"loc":{"start":{"line":157,"column":46},"end":{"line":168,"column":1}},"line":157},"17":{"name":"(anonymous_17)","decl":{"start":{"line":170,"column":16},"end":{"line":170,"column":17}},"loc":{"start":{"line":170,"column":55},"end":{"line":173,"column":1}},"line":170},"18":{"name":"(anonymous_18)","decl":{"start":{"line":172,"column":31},"end":{"line":172,"column":32}},"loc":{"start":{"line":172,"column":41},"end":{"line":172,"column":61}},"line":172},"19":{"name":"(anonymous_19)","decl":{"start":{"line":172,"column":82},"end":{"line":172,"column":83}},"loc":{"start":{"line":172,"column":92},"end":{"line":172,"column":112}},"line":172},"20":{"name":"(anonymous_20)","decl":{"start":{"line":175,"column":19},"end":{"line":175,"column":20}},"loc":{"start":{"line":175,"column":60},"end":{"line":189,"column":1}},"line":175},"21":{"name":"(anonymous_21)","decl":{"start":{"line":191,"column":23},"end":{"line":191,"column":24}},"loc":{"start":{"line":191,"column":62},"end":{"line":202,"column":1}},"line":191},"22":{"name":"(anonymous_22)","decl":{"start":{"line":201,"column":37},"end":{"line":201,"column":38}},"loc":{"start":{"line":201,"column":47},"end":{"line":201,"column":83}},"line":201},"23":{"name":"(anonymous_23)","decl":{"start":{"line":204,"column":13},"end":{"line":204,"column":14}},"loc":{"start":{"line":204,"column":32},"end":{"line":214,"column":1}},"line":204},"24":{"name":"(anonymous_24)","decl":{"start":{"line":216,"column":16},"end":{"line":216,"column":17}},"loc":{"start":{"line":216,"column":29},"end":{"line":223,"column":1}},"line":216},"25":{"name":"(anonymous_25)","decl":{"start":{"line":225,"column":25},"end":{"line":225,"column":26}},"loc":{"start":{"line":225,"column":54},"end":{"line":235,"column":1}},"line":225},"26":{"name":"(anonymous_26)","decl":{"start":{"line":237,"column":29},"end":{"line":237,"column":30}},"loc":{"start":{"line":237,"column":54},"end":{"line":248,"column":1}},"line":237},"27":{"name":"(anonymous_27)","decl":{"start":{"line":243,"column":34},"end":{"line":243,"column":35}},"loc":{"start":{"line":243,"column":44},"end":{"line":243,"column":49}},"line":243},"28":{"name":"(anonymous_28)","decl":{"start":{"line":244,"column":38},"end":{"line":244,"column":39}},"loc":{"start":{"line":244,"column":48},"end":{"line":244,"column":73}},"line":244},"29":{"name":"(anonymous_29)","decl":{"start":{"line":250,"column":21},"end":{"line":250,"column":22}},"loc":{"start":{"line":250,"column":58},"end":{"line":257,"column":1}},"line":250},"30":{"name":"(anonymous_30)","decl":{"start":{"line":259,"column":18},"end":{"line":259,"column":19}},"loc":{"start":{"line":259,"column":31},"end":{"line":262,"column":1}},"line":259}},"branchMap":{"0":{"loc":{"start":{"line":2,"column":4},"end":{"line":2,"column":74}},"type":"if","locations":[{"start":{"line":2,"column":4},"end":{"line":2,"column":74}},{"start":{},"end":{}}],"line":2},"1":{"loc":{"start":{"line":2,"column":8},"end":{"line":2,"column":35}},"type":"binary-expr","locations":[{"start":{"line":2,"column":8},"end":{"line":2,"column":12}},{"start":{"line":2,"column":16},"end":{"line":2,"column":35}}],"line":2},"2":{"loc":{"start":{"line":15,"column":4},"end":{"line":15,"column":44}},"type":"if","locations":[{"start":{"line":15,"column":4},"end":{"line":15,"column":44}},{"start":{},"end":{}}],"line":15},"3":{"loc":{"start":{"line":15,"column":8},"end":{"line":15,"column":32}},"type":"binary-expr","locations":[{"start":{"line":15,"column":8},"end":{"line":15,"column":12}},{"start":{"line":15,"column":16},"end":{"line":15,"column":32}}],"line":15},"4":{"loc":{"start":{"line":24,"column":4},"end":{"line":24,"column":77}},"type":"if","locations":[{"start":{"line":24,"column":4},"end":{"line":24,"column":77}},{"start":{},"end":{}}],"line":24},"5":{"loc":{"start":{"line":24,"column":8},"end":{"line":24,"column":37}},"type":"binary-expr","locations":[{"start":{"line":24,"column":8},"end":{"line":24,"column":13}},{"start":{"line":24,"column":17},"end":{"line":24,"column":37}}],"line":24},"6":{"loc":{"start":{"line":44,"column":19},"end":{"line":44,"column":38}},"type":"cond-expr","locations":[{"start":{"line":44,"column":30},"end":{"line":44,"column":34}},{"start":{"line":44,"column":37},"end":{"line":44,"column":38}}],"line":44},"7":{"loc":{"start":{"line":44,"column":53},"end":{"line":44,"column":82}},"type":"cond-expr","locations":[{"start":{"line":44,"column":64},"end":{"line":44,"column":78}},{"start":{"line":44,"column":81},"end":{"line":44,"column":82}}],"line":44},"8":{"loc":{"start":{"line":48,"column":32},"end":{"line":48,"column":100}},"type":"cond-expr","locations":[{"start":{"line":48,"column":51},"end":{"line":48,"column":54}},{"start":{"line":48,"column":57},"end":{"line":48,"column":100}}],"line":48},"9":{"loc":{"start":{"line":56,"column":17},"end":{"line":56,"column":85}},"type":"cond-expr","locations":[{"start":{"line":56,"column":39},"end":{"line":56,"column":40}},{"start":{"line":56,"column":43},"end":{"line":56,"column":85}}],"line":56},"10":{"loc":{"start":{"line":71,"column":20},"end":{"line":71,"column":48}},"type":"cond-expr","locations":[{"start":{"line":71,"column":42},"end":{"line":71,"column":44}},{"start":{"line":71,"column":47},"end":{"line":71,"column":48}}],"line":71},"11":{"loc":{"start":{"line":71,"column":20},"end":{"line":71,"column":39}},"type":"binary-expr","locations":[{"start":{"line":71,"column":20},"end":{"line":71,"column":29}},{"start":{"line":71,"column":33},"end":{"line":71,"column":39}}],"line":71},"12":{"loc":{"start":{"line":71,"column":64},"end":{"line":71,"column":96}},"type":"cond-expr","locations":[{"start":{"line":71,"column":88},"end":{"line":71,"column":92}},{"start":{"line":71,"column":95},"end":{"line":71,"column":96}}],"line":71},"13":{"loc":{"start":{"line":71,"column":64},"end":{"line":71,"column":85}},"type":"binary-expr","locations":[{"start":{"line":71,"column":64},"end":{"line":71,"column":73}},{"start":{"line":71,"column":77},"end":{"line":71,"column":85}}],"line":71},"14":{"loc":{"start":{"line":77,"column":20},"end":{"line":77,"column":64}},"type":"cond-expr","locations":[{"start":{"line":77,"column":35},"end":{"line":77,"column":36}},{"start":{"line":77,"column":39},"end":{"line":77,"column":64}}],"line":77},"15":{"loc":{"start":{"line":77,"column":78},"end":{"line":77,"column":123}},"type":"cond-expr","locations":[{"start":{"line":77,"column":93},"end":{"line":77,"column":94}},{"start":{"line":77,"column":97},"end":{"line":77,"column":123}}],"line":77},"16":{"loc":{"start":{"line":79,"column":16},"end":{"line":79,"column":65}},"type":"cond-expr","locations":[{"start":{"line":79,"column":28},"end":{"line":79,"column":29}},{"start":{"line":79,"column":32},"end":{"line":79,"column":65}}],"line":79},"17":{"loc":{"start":{"line":87,"column":8},"end":{"line":87,"column":68}},"type":"if","locations":[{"start":{"line":87,"column":8},"end":{"line":87,"column":68}},{"start":{},"end":{}}],"line":87},"18":{"loc":{"start":{"line":90,"column":8},"end":{"line":92,"column":50}},"type":"if","locations":[{"start":{"line":90,"column":8},"end":{"line":92,"column":50}},{"start":{"line":91,"column":13},"end":{"line":92,"column":50}}],"line":90},"19":{"loc":{"start":{"line":91,"column":13},"end":{"line":92,"column":50}},"type":"if","locations":[{"start":{"line":91,"column":13},"end":{"line":92,"column":50}},{"start":{"line":92,"column":13},"end":{"line":92,"column":50}}],"line":91},"20":{"loc":{"start":{"line":98,"column":8},"end":{"line":98,"column":92}},"type":"if","locations":[{"start":{"line":98,"column":8},"end":{"line":98,"column":92}},{"start":{"line":98,"column":46},"end":{"line":98,"column":92}}],"line":98},"21":{"loc":{"start":{"line":111,"column":12},"end":{"line":111,"column":51}},"type":"if","locations":[{"start":{"line":111,"column":12},"end":{"line":111,"column":51}},{"start":{},"end":{}}],"line":111},"22":{"loc":{"start":{"line":112,"column":12},"end":{"line":112,"column":51}},"type":"if","locations":[{"start":{"line":112,"column":12},"end":{"line":112,"column":51}},{"start":{},"end":{}}],"line":112},"23":{"loc":{"start":{"line":115,"column":20},"end":{"line":115,"column":104}},"type":"cond-expr","locations":[{"start":{"line":115,"column":51},"end":{"line":115,"column":52}},{"start":{"line":115,"column":55},"end":{"line":115,"column":104}}],"line":115},"24":{"loc":{"start":{"line":115,"column":21},"end":{"line":115,"column":47}},"type":"binary-expr","locations":[{"start":{"line":115,"column":21},"end":{"line":115,"column":32}},{"start":{"line":115,"column":36},"end":{"line":115,"column":47}}],"line":115},"25":{"loc":{"start":{"line":126,"column":17},"end":{"line":126,"column":77}},"type":"cond-expr","locations":[{"start":{"line":126,"column":35},"end":{"line":126,"column":36}},{"start":{"line":126,"column":39},"end":{"line":126,"column":77}}],"line":126},"26":{"loc":{"start":{"line":144,"column":22},"end":{"line":144,"column":47}},"type":"cond-expr","locations":[{"start":{"line":144,"column":34},"end":{"line":144,"column":35}},{"start":{"line":144,"column":38},"end":{"line":144,"column":47}}],"line":144},"27":{"loc":{"start":{"line":152,"column":36},"end":{"line":152,"column":73}},"type":"cond-expr","locations":[{"start":{"line":152,"column":50},"end":{"line":152,"column":51}},{"start":{"line":152,"column":54},"end":{"line":152,"column":73}}],"line":152},"28":{"loc":{"start":{"line":161,"column":8},"end":{"line":161,"column":71}},"type":"if","locations":[{"start":{"line":161,"column":8},"end":{"line":161,"column":71}},{"start":{},"end":{}}],"line":161},"29":{"loc":{"start":{"line":181,"column":8},"end":{"line":184,"column":9}},"type":"if","locations":[{"start":{"line":181,"column":8},"end":{"line":184,"column":9}},{"start":{},"end":{}}],"line":181},"30":{"loc":{"start":{"line":183,"column":12},"end":{"line":183,"column":118}},"type":"if","locations":[{"start":{"line":183,"column":12},"end":{"line":183,"column":118}},{"start":{"line":183,"column":79},"end":{"line":183,"column":118}}],"line":183},"31":{"loc":{"start":{"line":185,"column":8},"end":{"line":185,"column":109}},"type":"if","locations":[{"start":{"line":185,"column":8},"end":{"line":185,"column":109}},{"start":{"line":185,"column":47},"end":{"line":185,"column":109}}],"line":185},"32":{"loc":{"start":{"line":185,"column":47},"end":{"line":185,"column":109}},"type":"if","locations":[{"start":{"line":185,"column":47},"end":{"line":185,"column":109}},{"start":{"line":185,"column":87},"end":{"line":185,"column":109}}],"line":185},"33":{"loc":{"start":{"line":186,"column":16},"end":{"line":186,"column":40}},"type":"cond-expr","locations":[{"start":{"line":186,"column":33},"end":{"line":186,"column":35}},{"start":{"line":186,"column":38},"end":{"line":186,"column":40}}],"line":186},"34":{"loc":{"start":{"line":199,"column":8},"end":{"line":199,"column":128}},"type":"if","locations":[{"start":{"line":199,"column":8},"end":{"line":199,"column":128}},{"start":{"line":199,"column":57},"end":{"line":199,"column":128}}],"line":199},"35":{"loc":{"start":{"line":199,"column":57},"end":{"line":199,"column":128}},"type":"if","locations":[{"start":{"line":199,"column":57},"end":{"line":199,"column":128}},{"start":{"line":199,"column":106},"end":{"line":199,"column":128}}],"line":199},"36":{"loc":{"start":{"line":201,"column":47},"end":{"line":201,"column":83}},"type":"cond-expr","locations":[{"start":{"line":201,"column":57},"end":{"line":201,"column":68}},{"start":{"line":201,"column":71},"end":{"line":201,"column":83}}],"line":201},"37":{"loc":{"start":{"line":211,"column":18},"end":{"line":211,"column":47}},"type":"cond-expr","locations":[{"start":{"line":211,"column":31},"end":{"line":211,"column":32}},{"start":{"line":211,"column":35},"end":{"line":211,"column":47}}],"line":211},"38":{"loc":{"start":{"line":218,"column":4},"end":{"line":218,"column":29}},"type":"if","locations":[{"start":{"line":218,"column":4},"end":{"line":218,"column":29}},{"start":{},"end":{}}],"line":218},"39":{"loc":{"start":{"line":220,"column":4},"end":{"line":221,"column":119}},"type":"if","locations":[{"start":{"line":220,"column":4},"end":{"line":221,"column":119}},{"start":{"line":221,"column":9},"end":{"line":221,"column":119}}],"line":220},"40":{"loc":{"start":{"line":220,"column":8},"end":{"line":220,"column":34}},"type":"binary-expr","locations":[{"start":{"line":220,"column":8},"end":{"line":220,"column":19}},{"start":{"line":220,"column":23},"end":{"line":220,"column":34}}],"line":220},"41":{"loc":{"start":{"line":221,"column":9},"end":{"line":221,"column":119}},"type":"if","locations":[{"start":{"line":221,"column":9},"end":{"line":221,"column":119}},{"start":{},"end":{}}],"line":221},"42":{"loc":{"start":{"line":221,"column":13},"end":{"line":221,"column":39}},"type":"binary-expr","locations":[{"start":{"line":221,"column":13},"end":{"line":221,"column":24}},{"start":{"line":221,"column":28},"end":{"line":221,"column":39}}],"line":221},"43":{"loc":{"start":{"line":225,"column":39},"end":{"line":225,"column":49}},"type":"default-arg","locations":[{"start":{"line":225,"column":48},"end":{"line":225,"column":49}}],"line":225},"44":{"loc":{"start":{"line":227,"column":4},"end":{"line":227,"column":40}},"type":"if","locations":[{"start":{"line":227,"column":4},"end":{"line":227,"column":40}},{"start":{},"end":{}}],"line":227},"45":{"loc":{"start":{"line":230,"column":4},"end":{"line":230,"column":85}},"type":"if","locations":[{"start":{"line":230,"column":4},"end":{"line":230,"column":85}},{"start":{},"end":{}}],"line":230},"46":{"loc":{"start":{"line":230,"column":8},"end":{"line":230,"column":58}},"type":"binary-expr","locations":[{"start":{"line":230,"column":8},"end":{"line":230,"column":33}},{"start":{"line":230,"column":37},"end":{"line":230,"column":58}}],"line":230},"47":{"loc":{"start":{"line":233,"column":4},"end":{"line":233,"column":81}},"type":"if","locations":[{"start":{"line":233,"column":4},"end":{"line":233,"column":81}},{"start":{},"end":{}}],"line":233},"48":{"loc":{"start":{"line":233,"column":8},"end":{"line":233,"column":54}},"type":"binary-expr","locations":[{"start":{"line":233,"column":8},"end":{"line":233,"column":31}},{"start":{"line":233,"column":35},"end":{"line":233,"column":54}}],"line":233},"49":{"loc":{"start":{"line":237,"column":38},"end":{"line":237,"column":49}},"type":"default-arg","locations":[{"start":{"line":237,"column":47},"end":{"line":237,"column":49}}],"line":237},"50":{"loc":{"start":{"line":250,"column":42},"end":{"line":250,"column":53}},"type":"default-arg","locations":[{"start":{"line":250,"column":51},"end":{"line":250,"column":53}}],"line":250},"51":{"loc":{"start":{"line":252,"column":23},"end":{"line":252,"column":61}},"type":"binary-expr","locations":[{"start":{"line":252,"column":23},"end":{"line":252,"column":56}},{"start":{"line":252,"column":60},"end":{"line":252,"column":61}}],"line":252},"52":{"loc":{"start":{"line":253,"column":24},"end":{"line":253,"column":54}},"type":"binary-expr","locations":[{"start":{"line":253,"column":24},"end":{"line":253,"column":49}},{"start":{"line":253,"column":53},"end":{"line":253,"column":54}}],"line":253},"53":{"loc":{"start":{"line":254,"column":4},"end":{"line":254,"column":65}},"type":"if","locations":[{"start":{"line":254,"column":4},"end":{"line":254,"column":65}},{"start":{},"end":{}}],"line":254},"54":{"loc":{"start":{"line":255,"column":4},"end":{"line":255,"column":64}},"type":"if","locations":[{"start":{"line":255,"column":4},"end":{"line":255,"column":64}},{"start":{},"end":{}}],"line":255}},"s":{"0":1,"1":1,"2":0,"3":1,"4":1,"5":1,"6":1,"7":3,"8":1,"9":1,"10":1,"11":4,"12":4,"13":1,"14":1,"15":1,"16":0,"17":1,"18":1,"19":1,"20":1,"21":1,"22":52,"23":1,"24":1,"25":5,"26":0,"27":5,"28":5,"29":5,"30":5,"31":38,"32":5,"33":5,"34":5,"35":5,"36":62,"37":5,"38":1,"39":1,"40":1,"41":1,"42":19,"43":1,"44":1,"45":2,"46":2,"47":2,"48":2,"49":38,"50":38,"51":38,"52":2,"53":2,"54":2,"55":40,"56":1,"57":0,"58":0,"59":0,"60":0,"61":0,"62":0,"63":0,"64":0,"65":0,"66":0,"67":0,"68":1,"69":0,"70":0,"71":0,"72":0,"73":0,"74":0,"75":0,"76":1,"77":0,"78":0,"79":0,"80":0,"81":0,"82":0,"83":0,"84":0,"85":0,"86":0,"87":0,"88":0,"89":0,"90":0,"91":0,"92":0,"93":0,"94":0,"95":0,"96":1,"97":0,"98":0,"99":0,"100":0,"101":0,"102":0,"103":0,"104":0,"105":0,"106":0,"107":0,"108":0,"109":0,"110":0,"111":0,"112":0,"113":0,"114":0,"115":0,"116":0,"117":0,"118":0,"119":0,"120":0,"121":0,"122":0,"123":0,"124":0,"125":0,"126":0,"127":0,"128":0,"129":1,"130":0,"131":0,"132":0,"133":0,"134":0,"135":0,"136":0,"137":0,"138":0,"139":0,"140":0,"141":0,"142":0,"143":0,"144":0,"145":0,"146":0,"147":0,"148":0,"149":0,"150":1,"151":0,"152":0,"153":0,"154":0,"155":0,"156":0,"157":0,"158":0,"159":0,"160":0,"161":0,"162":0,"163":0,"164":1,"165":0,"166":0,"167":0,"168":0,"169":0,"170":0,"171":0,"172":0,"173":0,"174":0,"175":0,"176":0,"177":0,"178":0,"179":0,"180":0,"181":0,"182":0,"183":0,"184":0,"185":0,"186":0,"187":0,"188":0,"189":0,"190":0,"191":0,"192":0,"193":0,"194":0,"195":0,"196":0,"197":0,"198":0,"199":0,"200":0,"201":1,"202":0,"203":0,"204":0,"205":0,"206":0,"207":0,"208":0,"209":0,"210":0,"211":0,"212":0,"213":0,"214":0,"215":0,"216":0,"217":0,"218":0,"219":0,"220":1,"221":0,"222":0,"223":0,"224":0,"225":0,"226":1,"227":1,"228":1,"229":1,"230":1,"231":1,"232":10,"233":10,"234":10,"235":10,"236":10,"237":10,"238":10,"239":0,"240":0,"241":10,"242":0,"243":10,"244":0,"245":10,"246":10,"247":1,"248":1,"249":0,"250":0,"251":0,"252":0,"253":0,"254":0,"255":0,"256":0,"257":0,"258":0,"259":0,"260":0,"261":0,"262":0,"263":0,"264":0,"265":0,"266":1,"267":0,"268":0,"269":0,"270":0,"271":0,"272":0,"273":0,"274":0,"275":0,"276":0,"277":0,"278":0,"279":1,"280":0,"281":0,"282":0,"283":0,"284":0,"285":0,"286":0,"287":0,"288":0,"289":0,"290":0,"291":1,"292":0,"293":0,"294":0,"295":0,"296":0,"297":0,"298":0,"299":0,"300":0,"301":0,"302":0,"303":0,"304":0,"305":0,"306":0,"307":0,"308":1,"309":0,"310":0,"311":0,"312":0,"313":0,"314":0,"315":0,"316":0,"317":0,"318":0,"319":0,"320":0,"321":0,"322":0,"323":1,"324":0,"325":0,"326":0,"327":0,"328":0,"329":0,"330":0,"331":0,"332":1,"333":0,"334":0,"335":0,"336":1},"f":{"0":1,"1":1,"2":5,"3":1,"4":2,"5":40,"6":0,"7":0,"8":0,"9":0,"10":0,"11":0,"12":0,"13":0,"14":0,"15":0,"16":0,"17":0,"18":0,"19":0,"20":1,"21":0,"22":0,"23":0,"24":0,"25":0,"26":0,"27":0,"28":0,"29":0,"30":0},"b":{"0":[0,1],"1":[1,1],"2":[0,1],"3":[1,1],"4":[0,5],"5":[5,5],"6":[19,19],"7":[19,19],"8":[26,14],"9":[0,0],"10":[0,0],"11":[0,0],"12":[0,0],"13":[0,0],"14":[0,0],"15":[0,0],"16":[0,0],"17":[0,0],"18":[0,0],"19":[0,0],"20":[0,0],"21":[0,0],"22":[0,0],"23":[0,0],"24":[0,0],"25":[0,0],"26":[0,0],"27":[0,0],"28":[0,0],"29":[10,0],"30":[10,0],"31":[0,10],"32":[0,10],"33":[10,0],"34":[0,0],"35":[0,0],"36":[0,0],"37":[0,0],"38":[0,0],"39":[0,0],"40":[0,0],"41":[0,0],"42":[0,0],"43":[0],"44":[0,0],"45":[0,0],"46":[0,0],"47":[0,0],"48":[0,0],"49":[0],"50":[0],"51":[0,0],"52":[0,0],"53":[0,0],"54":[0,0]},"_coverageSchema":"1a1c01bbd47fc00a2c39e90264f33305004495a9","hash":"c5212301f65ef04b59ebe7e7b358c21ff55b8bfb"}
,"/data/data/com.termux/files/home/Algobots/whalebot/gbot/scalptrader-pro/src/services/alert.js": {"path":"/data/data/com.termux/files/home/Algobots/whalebot/gbot/scalptrader-pro/src/services/alert.js","statementMap":{"0":{"start":{"line":1,"column":21},"end":{"line":1,"column":45}},"1":{"start":{"line":2,"column":15},"end":{"line":2,"column":35}},"2":{"start":{"line":3,"column":13},"end":{"line":3,"column":39}},"3":{"start":{"line":6,"column":4},"end":{"line":11,"column":5}},"4":{"start":{"line":7,"column":8},"end":{"line":7,"column":98}},"5":{"start":{"line":8,"column":8},"end":{"line":8,"column":70}},"6":{"start":{"line":10,"column":8},"end":{"line":10,"column":44}},"7":{"start":{"line":15,"column":4},"end":{"line":19,"column":79}},"8":{"start":{"line":22,"column":0},"end":{"line":22,"column":40}}},"fnMap":{"0":{"name":"sendSMS","decl":{"start":{"line":5,"column":9},"end":{"line":5,"column":16}},"loc":{"start":{"line":5,"column":26},"end":{"line":12,"column":1}},"line":5},"1":{"name":"formatSMS","decl":{"start":{"line":14,"column":9},"end":{"line":14,"column":18}},"loc":{"start":{"line":14,"column":27},"end":{"line":20,"column":1}},"line":14}},"branchMap":{"0":{"loc":{"start":{"line":19,"column":41},"end":{"line":19,"column":76}},"type":"cond-expr","locations":[{"start":{"line":19,"column":68},"end":{"line":19,"column":73}},{"start":{"line":19,"column":74},"end":{"line":19,"column":76}}],"line":19}},"s":{"0":1,"1":1,"2":1,"3":2,"4":2,"5":1,"6":1,"7":2,"8":1},"f":{"0":2,"1":2},"b":{"0":[1,1]},"_coverageSchema":"1a1c01bbd47fc00a2c39e90264f33305004495a9","hash":"1a65dc52f5227f8bbe5402af0d2a312b67bd2526"}
,"/data/data/com.termux/files/home/Algobots/whalebot/gbot/scalptrader-pro/src/services/bybit.js": {"path":"/data/data/com.termux/files/home/Algobots/whalebot/gbot/scalptrader-pro/src/services/bybit.js","statementMap":{"0":{"start":{"line":1,"column":18},"end":{"line":1,"column":31}},"1":{"start":{"line":2,"column":14},"end":{"line":2,"column":34}},"2":{"start":{"line":3,"column":13},"end":{"line":3,"column":39}},"3":{"start":{"line":6,"column":15},"end":{"line":6,"column":69}},"4":{"start":{"line":8,"column":4},"end":{"line":16,"column":7}},"5":{"start":{"line":9,"column":8},"end":{"line":9,"column":62}},"6":{"start":{"line":10,"column":29},"end":{"line":13,"column":9}},"7":{"start":{"line":14,"column":8},"end":{"line":14,"column":46}},"8":{"start":{"line":15,"column":8},"end":{"line":15,"column":91}},"9":{"start":{"line":18,"column":4},"end":{"line":27,"column":7}},"10":{"start":{"line":19,"column":8},"end":{"line":26,"column":9}},"11":{"start":{"line":20,"column":24},"end":{"line":20,"column":40}},"12":{"start":{"line":21,"column":12},"end":{"line":23,"column":13}},"13":{"start":{"line":22,"column":16},"end":{"line":22,"column":39}},"14":{"start":{"line":25,"column":12},"end":{"line":25,"column":82}},"15":{"start":{"line":29,"column":4},"end":{"line":31,"column":7}},"16":{"start":{"line":30,"column":8},"end":{"line":30,"column":18}},"17":{"start":{"line":33,"column":4},"end":{"line":36,"column":7}},"18":{"start":{"line":34,"column":8},"end":{"line":34,"column":95}},"19":{"start":{"line":35,"column":8},"end":{"line":35,"column":74}},"20":{"start":{"line":35,"column":25},"end":{"line":35,"column":66}},"21":{"start":{"line":38,"column":4},"end":{"line":41,"column":7}},"22":{"start":{"line":39,"column":8},"end":{"line":39,"column":71}},"23":{"start":{"line":40,"column":8},"end":{"line":40,"column":19}},"24":{"start":{"line":43,"column":4},"end":{"line":43,"column":14}},"25":{"start":{"line":46,"column":0},"end":{"line":46,"column":29}}},"fnMap":{"0":{"name":"connect","decl":{"start":{"line":5,"column":9},"end":{"line":5,"column":16}},"loc":{"start":{"line":5,"column":36},"end":{"line":44,"column":1}},"line":5},"1":{"name":"(anonymous_1)","decl":{"start":{"line":8,"column":18},"end":{"line":8,"column":19}},"loc":{"start":{"line":8,"column":24},"end":{"line":16,"column":5}},"line":8},"2":{"name":"(anonymous_2)","decl":{"start":{"line":18,"column":21},"end":{"line":18,"column":22}},"loc":{"start":{"line":18,"column":31},"end":{"line":27,"column":5}},"line":18},"3":{"name":"(anonymous_3)","decl":{"start":{"line":29,"column":18},"end":{"line":29,"column":19}},"loc":{"start":{"line":29,"column":24},"end":{"line":31,"column":5}},"line":29},"4":{"name":"(anonymous_4)","decl":{"start":{"line":33,"column":19},"end":{"line":33,"column":20}},"loc":{"start":{"line":33,"column":25},"end":{"line":36,"column":5}},"line":33},"5":{"name":"(anonymous_5)","decl":{"start":{"line":35,"column":19},"end":{"line":35,"column":20}},"loc":{"start":{"line":35,"column":25},"end":{"line":35,"column":66}},"line":35},"6":{"name":"(anonymous_6)","decl":{"start":{"line":38,"column":19},"end":{"line":38,"column":20}},"loc":{"start":{"line":38,"column":28},"end":{"line":41,"column":5}},"line":38}},"branchMap":{"0":{"loc":{"start":{"line":21,"column":12},"end":{"line":23,"column":13}},"type":"if","locations":[{"start":{"line":21,"column":12},"end":{"line":23,"column":13}},{"start":{},"end":{}}],"line":21},"1":{"loc":{"start":{"line":21,"column":16},"end":{"line":21,"column":59}},"type":"binary-expr","locations":[{"start":{"line":21,"column":16},"end":{"line":21,"column":25}},{"start":{"line":21,"column":29},"end":{"line":21,"column":59}}],"line":21}},"s":{"0":1,"1":1,"2":1,"3":7,"4":7,"5":1,"6":1,"7":1,"8":1,"9":7,"10":2,"11":2,"12":2,"13":1,"14":0,"15":7,"16":1,"17":7,"18":1,"19":1,"20":1,"21":7,"22":1,"23":1,"24":7,"25":1},"f":{"0":7,"1":1,"2":2,"3":1,"4":1,"5":1,"6":1},"b":{"0":[1,1],"1":[2,2]},"_coverageSchema":"1a1c01bbd47fc00a2c39e90264f33305004495a9","hash":"2c129e7123c674036aec920d78d06ab00595869d"}
,"/data/data/com.termux/files/home/Algobots/whalebot/gbot/scalptrader-pro/src/utils/colors.js": {"path":"/data/data/com.termux/files/home/Algobots/whalebot/gbot/scalptrader-pro/src/utils/colors.js","statementMap":{"0":{"start":{"line":1,"column":14},"end":{"line":1,"column":30}},"1":{"start":{"line":3,"column":13},"end":{"line":9,"column":1}},"2":{"start":{"line":8,"column":18},"end":{"line":8,"column":43}},"3":{"start":{"line":11,"column":0},"end":{"line":11,"column":22}}},"fnMap":{"0":{"name":"(anonymous_0)","decl":{"start":{"line":8,"column":8},"end":{"line":8,"column":9}},"loc":{"start":{"line":8,"column":18},"end":{"line":8,"column":43}},"line":8}},"branchMap":{},"s":{"0":2,"1":2,"2":0,"3":2},"f":{"0":0},"b":{},"_coverageSchema":"1a1c01bbd47fc00a2c39e90264f33305004495a9","hash":"c9a3dc3def1d2e6e5eef6a714490071d4eb07586"}
}
