TN:
SF:src/config.js
FN:30,(anonymous_0)
FN:43,(anonymous_1)
FNF:2
FNH:2
FNDA:1,(anonymous_0)
FNDA:1,(anonymous_1)
DA:1,1
DA:2,1
DA:3,1
DA:6,1
DA:7,1
DA:31,1
DA:32,1
DA:33,1
DA:34,1
DA:35,1
DA:36,0
DA:38,0
DA:40,1
DA:44,1
DA:45,1
DA:46,0
DA:47,0
DA:48,0
DA:50,1
DA:54,1
DA:55,1
DA:56,1
DA:58,1
LF:23
LH:18
BRDA:32,0,0,1
BRDA:32,0,1,0
BRDA:46,1,0,0
BRDA:46,1,1,0
BRDA:46,2,0,0
BRDA:46,2,1,0
BRDA:46,2,2,0
BRDA:47,3,0,0
BRDA:47,3,1,0
BRF:9
BRH:1
end_of_record
TN:
SF:src/indicators/index.js
FN:1,(anonymous_0)
FN:14,(anonymous_1)
FN:23,(anonymous_2)
FN:34,(anonymous_3)
FN:40,(anonymous_4)
FN:48,(anonymous_5)
FN:51,(anonymous_6)
FN:61,(anonymous_7)
FN:63,(anonymous_8)
FN:64,(anonymous_9)
FN:67,(anonymous_10)
FN:84,(anonymous_11)
FN:103,(anonymous_12)
FN:120,(anonymous_13)
FN:121,(anonymous_14)
FN:131,(anonymous_15)
FN:157,(anonymous_16)
FN:170,(anonymous_17)
FN:172,(anonymous_18)
FN:172,(anonymous_19)
FN:175,(anonymous_20)
FN:191,(anonymous_21)
FN:201,(anonymous_22)
FN:204,(anonymous_23)
FN:216,(anonymous_24)
FN:225,(anonymous_25)
FN:237,(anonymous_26)
FN:243,(anonymous_27)
FN:244,(anonymous_28)
FN:250,(anonymous_29)
FN:259,(anonymous_30)
FNF:31
FNH:7
FNDA:1,(anonymous_0)
FNDA:1,(anonymous_1)
FNDA:5,(anonymous_2)
FNDA:1,(anonymous_3)
FNDA:2,(anonymous_4)
FNDA:40,(anonymous_5)
FNDA:0,(anonymous_6)
FNDA:0,(anonymous_7)
FNDA:0,(anonymous_8)
FNDA:0,(anonymous_9)
FNDA:0,(anonymous_10)
FNDA:0,(anonymous_11)
FNDA:0,(anonymous_12)
FNDA:0,(anonymous_13)
FNDA:0,(anonymous_14)
FNDA:0,(anonymous_15)
FNDA:0,(anonymous_16)
FNDA:0,(anonymous_17)
FNDA:0,(anonymous_18)
FNDA:0,(anonymous_19)
FNDA:1,(anonymous_20)
FNDA:0,(anonymous_21)
FNDA:0,(anonymous_22)
FNDA:0,(anonymous_23)
FNDA:0,(anonymous_24)
FNDA:0,(anonymous_25)
FNDA:0,(anonymous_26)
FNDA:0,(anonymous_27)
FNDA:0,(anonymous_28)
FNDA:0,(anonymous_29)
FNDA:0,(anonymous_30)
DA:1,1
DA:2,1
DA:3,1
DA:4,1
DA:5,3
DA:6,1
DA:7,1
DA:8,4
DA:9,4
DA:11,1
DA:14,1
DA:15,1
DA:16,1
DA:17,1
DA:18,1
DA:19,52
DA:20,1
DA:23,1
DA:24,5
DA:25,5
DA:26,5
DA:27,38
DA:28,5
DA:29,5
DA:30,62
DA:31,5
DA:34,1
DA:35,1
DA:36,19
DA:37,1
DA:40,1
DA:41,2
DA:42,2
DA:43,38
DA:44,38
DA:46,2
DA:47,2
DA:48,40
DA:51,1
DA:52,0
DA:53,0
DA:54,0
DA:55,0
DA:56,0
DA:58,0
DA:61,1
DA:62,0
DA:63,0
DA:64,0
DA:67,1
DA:68,0
DA:69,0
DA:70,0
DA:71,0
DA:73,0
DA:74,0
DA:75,0
DA:76,0
DA:77,0
DA:78,0
DA:79,0
DA:81,0
DA:84,1
DA:85,0
DA:86,0
DA:87,0
DA:88,0
DA:89,0
DA:90,0
DA:91,0
DA:92,0
DA:94,0
DA:95,0
DA:96,0
DA:97,0
DA:98,0
DA:100,0
DA:103,1
DA:104,0
DA:105,0
DA:106,0
DA:107,0
DA:108,0
DA:109,0
DA:110,0
DA:111,0
DA:112,0
DA:114,0
DA:115,0
DA:117,0
DA:120,1
DA:121,0
DA:122,0
DA:123,0
DA:124,0
DA:125,0
DA:126,0
DA:128,0
DA:131,1
DA:132,0
DA:133,0
DA:134,0
DA:135,0
DA:136,0
DA:137,0
DA:138,0
DA:139,0
DA:141,0
DA:142,0
DA:143,0
DA:144,0
DA:145,0
DA:146,0
DA:147,0
DA:148,0
DA:149,0
DA:150,0
DA:152,0
DA:154,0
DA:157,1
DA:158,0
DA:159,0
DA:160,0
DA:161,0
DA:162,0
DA:163,0
DA:164,0
DA:165,0
DA:167,0
DA:170,1
DA:171,0
DA:172,0
DA:175,1
DA:176,1
DA:177,1
DA:178,1
DA:179,10
DA:180,10
DA:181,10
DA:182,10
DA:183,10
DA:185,10
DA:186,10
DA:188,1
DA:191,1
DA:192,0
DA:193,0
DA:194,0
DA:195,0
DA:196,0
DA:197,0
DA:198,0
DA:199,0
DA:201,0
DA:204,1
DA:205,0
DA:206,0
DA:207,0
DA:208,0
DA:209,0
DA:211,0
DA:213,0
DA:216,1
DA:217,0
DA:218,0
DA:219,0
DA:220,0
DA:221,0
DA:222,0
DA:225,1
DA:226,0
DA:227,0
DA:228,0
DA:229,0
DA:230,0
DA:231,0
DA:232,0
DA:233,0
DA:234,0
DA:237,1
DA:238,0
DA:239,0
DA:240,0
DA:241,0
DA:242,0
DA:243,0
DA:244,0
DA:245,0
DA:247,0
DA:250,1
DA:251,0
DA:252,0
DA:253,0
DA:254,0
DA:255,0
DA:256,0
DA:259,1
DA:260,0
DA:261,0
DA:265,1
LF:200
LH:67
BRDA:2,0,0,0
BRDA:2,0,1,1
BRDA:2,1,0,1
BRDA:2,1,1,1
BRDA:15,2,0,0
BRDA:15,2,1,1
BRDA:15,3,0,1
BRDA:15,3,1,1
BRDA:24,4,0,0
BRDA:24,4,1,5
BRDA:24,5,0,5
BRDA:24,5,1,5
BRDA:44,6,0,19
BRDA:44,6,1,19
BRDA:44,7,0,19
BRDA:44,7,1,19
BRDA:48,8,0,26
BRDA:48,8,1,14
BRDA:56,9,0,0
BRDA:56,9,1,0
BRDA:71,10,0,0
BRDA:71,10,1,0
BRDA:71,11,0,0
BRDA:71,11,1,0
BRDA:71,12,0,0
BRDA:71,12,1,0
BRDA:71,13,0,0
BRDA:71,13,1,0
BRDA:77,14,0,0
BRDA:77,14,1,0
BRDA:77,15,0,0
BRDA:77,15,1,0
BRDA:79,16,0,0
BRDA:79,16,1,0
BRDA:87,17,0,0
BRDA:87,17,1,0
BRDA:90,18,0,0
BRDA:90,18,1,0
BRDA:91,19,0,0
BRDA:91,19,1,0
BRDA:98,20,0,0
BRDA:98,20,1,0
BRDA:111,21,0,0
BRDA:111,21,1,0
BRDA:112,22,0,0
BRDA:112,22,1,0
BRDA:115,23,0,0
BRDA:115,23,1,0
BRDA:115,24,0,0
BRDA:115,24,1,0
BRDA:126,25,0,0
BRDA:126,25,1,0
BRDA:144,26,0,0
BRDA:144,26,1,0
BRDA:152,27,0,0
BRDA:152,27,1,0
BRDA:161,28,0,0
BRDA:161,28,1,0
BRDA:181,29,0,10
BRDA:181,29,1,0
BRDA:183,30,0,10
BRDA:183,30,1,0
BRDA:185,31,0,0
BRDA:185,31,1,10
BRDA:185,32,0,0
BRDA:185,32,1,10
BRDA:186,33,0,10
BRDA:186,33,1,0
BRDA:199,34,0,0
BRDA:199,34,1,0
BRDA:199,35,0,0
BRDA:199,35,1,0
BRDA:201,36,0,0
BRDA:201,36,1,0
BRDA:211,37,0,0
BRDA:211,37,1,0
BRDA:218,38,0,0
BRDA:218,38,1,0
BRDA:220,39,0,0
BRDA:220,39,1,0
BRDA:220,40,0,0
BRDA:220,40,1,0
BRDA:221,41,0,0
BRDA:221,41,1,0
BRDA:221,42,0,0
BRDA:221,42,1,0
BRDA:225,43,0,0
BRDA:227,44,0,0
BRDA:227,44,1,0
BRDA:230,45,0,0
BRDA:230,45,1,0
BRDA:230,46,0,0
BRDA:230,46,1,0
BRDA:233,47,0,0
BRDA:233,47,1,0
BRDA:233,48,0,0
BRDA:233,48,1,0
BRDA:237,49,0,0
BRDA:250,50,0,0
BRDA:252,51,0,0
BRDA:252,51,1,0
BRDA:253,52,0,0
BRDA:253,52,1,0
BRDA:254,53,0,0
BRDA:254,53,1,0
BRDA:255,54,0,0
BRDA:255,54,1,0
BRF:107
BRH:20
end_of_record
TN:
SF:src/services/alert.js
FN:5,sendSMS
FN:14,formatSMS
FNF:2
FNH:2
FNDA:2,sendSMS
FNDA:2,formatSMS
DA:1,1
DA:2,1
DA:3,1
DA:6,2
DA:7,2
DA:8,1
DA:10,1
DA:15,2
DA:22,1
LF:9
LH:9
BRDA:19,0,0,1
BRDA:19,0,1,1
BRF:2
BRH:2
end_of_record
TN:
SF:src/services/bybit.js
FN:5,connect
FN:8,(anonymous_1)
FN:18,(anonymous_2)
FN:29,(anonymous_3)
FN:33,(anonymous_4)
FN:35,(anonymous_5)
FN:38,(anonymous_6)
FNF:7
FNH:7
FNDA:7,connect
FNDA:1,(anonymous_1)
FNDA:2,(anonymous_2)
FNDA:1,(anonymous_3)
FNDA:1,(anonymous_4)
FNDA:1,(anonymous_5)
FNDA:1,(anonymous_6)
DA:1,1
DA:2,1
DA:3,1
DA:6,7
DA:8,7
DA:9,1
DA:10,1
DA:14,1
DA:15,1
DA:18,7
DA:19,2
DA:20,2
DA:21,2
DA:22,1
DA:25,0
DA:29,7
DA:30,1
DA:33,7
DA:34,1
DA:35,1
DA:38,7
DA:39,1
DA:40,1
DA:43,7
DA:46,1
LF:25
LH:24
BRDA:21,0,0,1
BRDA:21,0,1,1
BRDA:21,1,0,2
BRDA:21,1,1,2
BRF:4
BRH:4
end_of_record
TN:
SF:src/utils/colors.js
FN:8,(anonymous_0)
FNF:1
FNH:0
FNDA:0,(anonymous_0)
DA:1,2
DA:3,2
DA:8,0
DA:11,2
LF:4
LH:3
BRF:0
BRH:0
end_of_record
